<?xml version="1.0" encoding="UTF-8"?>
<testsuite xmlns:xsi="http://www.w3.org/2001/XMLSchema-instance" xsi:noNamespaceSchemaLocation="https://maven.apache.org/surefire/maven-surefire-plugin/xsd/surefire-test-report.xsd" name="TestSuite" time="141.378" tests="9" errors="0" skipped="5" failures="3">
  <properties>
[...]
</properties>
  <testcase name="LogOut" classname="com.hrm.testcases.LogoutPageTest" time="3.588">
    <failure message="The element reference of &lt;a id=&quot;user-dropdown&quot; class=&quot;dropdown-button waves-effect&quot; href=&quot;javascript:;&quot;&gt; is stale; either the element is no longer attached to the DOM, it is not in the current frame context, or the document has been refreshed&#10;For documentation on this error, please visit: https://www.seleniumhq.org/exceptions/stale_element_reference.html&#10;Build info: version: &apos;3.141.59&apos;, revision: &apos;e82be7d358&apos;, time: &apos;2018-11-14T08:17:03&apos;&#10;System info: host: &apos;LT124&apos;, ip: &apos;192.168.225.231&apos;, os.name: &apos;Windows 10&apos;, os.arch: &apos;amd64&apos;, os.version: &apos;10.0&apos;, java.version: &apos;1.8.0_261&apos;&#10;Driver info: org.openqa.selenium.remote.RemoteWebDriver&#10;Capabilities {acceptInsecureCerts: true, browserName: firefox, browserVersion: 81.0.2, javascriptEnabled: true, moz:accessibilityChecks: false, moz:buildID: 20201012085804, moz:geckodriverVersion: 0.27.0, moz:headless: false, moz:processID: 22996, moz:profile: C:\Users\pranay.kumar\AppDa..., moz:shutdownTimeout: 60000, moz:useNonSpecCompliantPointerOrigin: false, moz:webdriverClick: true, pageLoadStrategy: normal, platform: WINDOWS, platformName: WINDOWS, platformVersion: 10.0, rotatable: false, setWindowRect: true, strictFileInteractability: false, timeouts: {implicit: 0, pageLoad: 300000, script: 30000}, unhandledPromptBehavior: dismiss and notify, webdriver.remote.sessionid: 47455c9d-7a7c-4034-81ee-4c9...}&#10;Session ID: 47455c9d-7a7c-4034-81ee-4c9d5ae9f24e" type="org.openqa.selenium.StaleElementReferenceException"><![CDATA[org.openqa.selenium.StaleElementReferenceException: 
The element reference of <a id="user-dropdown" class="dropdown-button waves-effect" href="javascript:;"> is stale; either the element is no longer attached to the DOM, it is not in the current frame context, or the document has been refreshed
For documentation on this error, please visit: https://www.seleniumhq.org/exceptions/stale_element_reference.html
Build info: version: '3.141.59', revision: 'e82be7d358', time: '2018-11-14T08:17:03'
System info: host: 'LT124', ip: '192.168.225.231', os.name: 'Windows 10', os.arch: 'amd64', os.version: '10.0', java.version: '1.8.0_261'
Driver info: org.openqa.selenium.remote.RemoteWebDriver
Capabilities {acceptInsecureCerts: true, browserName: firefox, browserVersion: 81.0.2, javascriptEnabled: true, moz:accessibilityChecks: false, moz:buildID: 20201012085804, moz:geckodriverVersion: 0.27.0, moz:headless: false, moz:processID: 22996, moz:profile: C:\Users\pranay.kumar\AppDa..., moz:shutdownTimeout: 60000, moz:useNonSpecCompliantPointerOrigin: false, moz:webdriverClick: true, pageLoadStrategy: normal, platform: WINDOWS, platformName: WINDOWS, platformVersion: 10.0, rotatable: false, setWindowRect: true, strictFileInteractability: false, timeouts: {implicit: 0, pageLoad: 300000, script: 30000}, unhandledPromptBehavior: dismiss and notify, webdriver.remote.sessionid: 47455c9d-7a7c-4034-81ee-4c9...}
Session ID: 47455c9d-7a7c-4034-81ee-4c9d5ae9f24e
	at com.hrm.testcases.LogoutPageTest.LogOut(LogoutPageTest.java:44)
]]></failure>
    <system-out><![CDATA[1Capabilities {acceptInsecureCerts: true, browserName: firefox, firefox_binary: FirefoxBinary(C:\Users\pran..., moz:firefoxOptions: {args: [], binary: C:\Users\pranay.kumar\AppDa..., prefs: {}}, platform: WINDOWS, version: }
0null
 INFO 6:15 PM  login - Entering Username
 INFO 6:15 PM  login - Admin username is entered
 INFO 6:15 PM  login - Entering Password
 INFO 6:15 PM  login - 2jRKFXfa4@Password entered
 INFO 6:15 PM  login - Clicing on login button
 INFO 6:15 PM  login - Clicked on login button
 INFO 6:15 PM  LogOut - Clicking on MyProfile link
***** Error LogOut test has failed *****
Screenshot captured for LogOut
]]></system-out>
    <system-err><![CDATA[SLF4J: Failed to load class "org.slf4j.impl.StaticLoggerBinder".
SLF4J: Defaulting to no-operation (NOP) logger implementation
SLF4J: See http://www.slf4j.org/codes.html#StaticLoggerBinder for further details.
Oct 20, 2020 6:15:19 PM org.openqa.selenium.remote.DesiredCapabilities firefox
INFO: Using `new FirefoxOptions()` is preferred to `DesiredCapabilities.firefox()`
Oct 20, 2020 6:15:36 PM org.openqa.selenium.remote.ProtocolHandshake createSession
INFO: Detected dialect: W3C
]]></system-err>
  </testcase>
  <testcase name="validateHrmLogo" classname="com.hrm.testcases.LoginPageTest" time="0.545"/>
  <testcase name="setUp" classname="com.hrm.testcases.AddDisciplinaryCase" time="35.363">
    <failure message="Element &lt;span class=&quot;left-menu-title&quot;&gt; could not be scrolled into view&#10;Build info: version: &apos;3.141.59&apos;, revision: &apos;e82be7d358&apos;, time: &apos;2018-11-14T08:17:03&apos;&#10;System info: host: &apos;LT124&apos;, ip: &apos;192.168.225.231&apos;, os.name: &apos;Windows 10&apos;, os.arch: &apos;amd64&apos;, os.version: &apos;10.0&apos;, java.version: &apos;1.8.0_261&apos;&#10;Driver info: org.openqa.selenium.remote.RemoteWebDriver&#10;Capabilities {acceptInsecureCerts: true, browserName: firefox, browserVersion: 81.0.2, javascriptEnabled: true, moz:accessibilityChecks: false, moz:buildID: 20201012085804, moz:geckodriverVersion: 0.27.0, moz:headless: false, moz:processID: 18892, moz:profile: C:\Users\pranay.kumar\AppDa..., moz:shutdownTimeout: 60000, moz:useNonSpecCompliantPointerOrigin: false, moz:webdriverClick: true, pageLoadStrategy: normal, platform: WINDOWS, platformName: WINDOWS, platformVersion: 10.0, rotatable: false, setWindowRect: true, strictFileInteractability: false, timeouts: {implicit: 0, pageLoad: 300000, script: 30000}, unhandledPromptBehavior: dismiss and notify, webdriver.remote.sessionid: 5cf3f95d-c7cf-44c3-b48d-52a...}&#10;Session ID: 5cf3f95d-c7cf-44c3-b48d-52afa322f2af" type="org.openqa.selenium.ElementNotInteractableException"><![CDATA[org.openqa.selenium.ElementNotInteractableException: 
Element <span class="left-menu-title"> could not be scrolled into view
Build info: version: '3.141.59', revision: 'e82be7d358', time: '2018-11-14T08:17:03'
System info: host: 'LT124', ip: '192.168.225.231', os.name: 'Windows 10', os.arch: 'amd64', os.version: '10.0', java.version: '1.8.0_261'
Driver info: org.openqa.selenium.remote.RemoteWebDriver
Capabilities {acceptInsecureCerts: true, browserName: firefox, browserVersion: 81.0.2, javascriptEnabled: true, moz:accessibilityChecks: false, moz:buildID: 20201012085804, moz:geckodriverVersion: 0.27.0, moz:headless: false, moz:processID: 18892, moz:profile: C:\Users\pranay.kumar\AppDa..., moz:shutdownTimeout: 60000, moz:useNonSpecCompliantPointerOrigin: false, moz:webdriverClick: true, pageLoadStrategy: normal, platform: WINDOWS, platformName: WINDOWS, platformVersion: 10.0, rotatable: false, setWindowRect: true, strictFileInteractability: false, timeouts: {implicit: 0, pageLoad: 300000, script: 30000}, unhandledPromptBehavior: dismiss and notify, webdriver.remote.sessionid: 5cf3f95d-c7cf-44c3-b48d-52a...}
Session ID: 5cf3f95d-c7cf-44c3-b48d-52afa322f2af
	at com.hrm.testcases.AddDisciplinaryCase.setUp(AddDisciplinaryCase.java:42)
]]></failure>
    <system-out><![CDATA[1Capabilities {acceptInsecureCerts: true, browserName: firefox, firefox_binary: FirefoxBinary(C:\Users\pran..., moz:firefoxOptions: {args: [], binary: C:\Users\pranay.kumar\AppDa..., prefs: {}}, platform: WINDOWS, version: }
0null
 INFO 6:16 PM  login - Entering Username
 INFO 6:16 PM  login - Admin username is entered
 INFO 6:16 PM  login - Entering Password
 INFO 6:16 PM  login - 2jRKFXfa4@Password entered
 INFO 6:16 PM  login - Clicing on login button
 INFO 6:16 PM  login - Clicked on login button
 INFO 6:16 PM  clickOnDisciplinePage - Clicking on Discipline page
 INFO 6:16 PM  clickOnDisciplinePage - Clicked on Discipline page
 INFO 6:16 PM  clickOnDisciplinePage - Clicking on DisciplineCase page
]]></system-out>
    <system-err><![CDATA[Oct 20, 2020 6:16:30 PM org.openqa.selenium.remote.DesiredCapabilities firefox
INFO: Using `new FirefoxOptions()` is preferred to `DesiredCapabilities.firefox()`
Oct 20, 2020 6:16:37 PM org.openqa.selenium.remote.ProtocolHandshake createSession
INFO: Detected dialect: W3C
]]></system-err>
  </testcase>
  <testcase name="setUp" classname="com.hrm.testcases.AddDisciplinaryCase" time="0">
    <skipped/>
    <system-out><![CDATA[***** Error login test has failed *****
Screenshot captured for login
]]></system-out>
  </testcase>
  <testcase name="validateDisciplineCaseTitle" classname="com.hrm.testcases.AddDisciplinaryCase" time="0">
    <skipped message="Element &lt;span class=&quot;left-menu-title&quot;&gt; could not be scrolled into view&#10;Build info: version: &apos;3.141.59&apos;, revision: &apos;e82be7d358&apos;, time: &apos;2018-11-14T08:17:03&apos;&#10;System info: host: &apos;LT124&apos;, ip: &apos;192.168.225.231&apos;, os.name: &apos;Windows 10&apos;, os.arch: &apos;amd64&apos;, os.version: &apos;10.0&apos;, java.version: &apos;1.8.0_261&apos;&#10;Driver info: org.openqa.selenium.remote.RemoteWebDriver&#10;Capabilities {acceptInsecureCerts: true, browserName: firefox, browserVersion: 81.0.2, javascriptEnabled: true, moz:accessibilityChecks: false, moz:buildID: 20201012085804, moz:geckodriverVersion: 0.27.0, moz:headless: false, moz:processID: 18892, moz:profile: C:\Users\pranay.kumar\AppDa..., moz:shutdownTimeout: 60000, moz:useNonSpecCompliantPointerOrigin: false, moz:webdriverClick: true, pageLoadStrategy: normal, platform: WINDOWS, platformName: WINDOWS, platformVersion: 10.0, rotatable: false, setWindowRect: true, strictFileInteractability: false, timeouts: {implicit: 0, pageLoad: 300000, script: 30000}, unhandledPromptBehavior: dismiss and notify, webdriver.remote.sessionid: 5cf3f95d-c7cf-44c3-b48d-52a...}&#10;Session ID: 5cf3f95d-c7cf-44c3-b48d-52afa322f2af"/>
    <system-out><![CDATA[validateDisciplineCaseTitle Test case is skipped
]]></system-out>
  </testcase>
  <testcase name="tearDown" classname="com.hrm.testcases.AddDisciplinaryCase" time="0">
    <skipped/>
    <system-out><![CDATA[validateDisciplineCaseTitle Test case is skipped
]]></system-out>
  </testcase>
  <testcase name="tearDown" classname="com.hrm.testcases.AddDisciplinaryCase" time="0">
    <skipped/>
    <system-out><![CDATA[addDisciplineCase Test case is skipped
]]></system-out>
  </testcase>
  <testcase name="login" classname="com.hrm.testcases.LoginPageTest" time="10.786">
    <failure message="expected [Dashboard] but found []" type="java.lang.AssertionError">java.lang.AssertionError: expected [Dashboard] but found []
	at com.hrm.testcases.LoginPageTest.login(LoginPageTest.java:53)
</failure>
    <system-out><![CDATA[1Capabilities {acceptInsecureCerts: true, browserName: firefox, firefox_binary: FirefoxBinary(C:\Users\pran..., moz:firefoxOptions: {args: [], binary: C:\Users\pranay.kumar\AppDa..., prefs: {}}, platform: WINDOWS, version: }
0null
 INFO 6:17 PM  login - Entering Username
 INFO 6:17 PM  login - Admin username is entered
 INFO 6:17 PM  login - Entering Password
 INFO 6:17 PM  login - 2jRKFXfa4@Password entered
 INFO 6:17 PM  login - Clicing on login button
 INFO 6:17 PM  login - Clicked on login button
 INFO 6:17 PM  getHomePageTitle - Title of HomePage is 
***** Error login test has failed *****
Screenshot captured for login
]]></system-out>
    <system-err><![CDATA[Oct 20, 2020 6:17:01 PM org.openqa.selenium.remote.DesiredCapabilities firefox
INFO: Using `new FirefoxOptions()` is preferred to `DesiredCapabilities.firefox()`
Oct 20, 2020 6:17:11 PM org.openqa.selenium.remote.ProtocolHandshake createSession
INFO: Detected dialect: W3C
]]></system-err>
  </testcase>
  <testcase name="addDisciplineCase" classname="com.hrm.testcases.AddDisciplinaryCase" time="0">
    <skipped message="Element &lt;span class=&quot;left-menu-title&quot;&gt; could not be scrolled into view&#10;Build info: version: &apos;3.141.59&apos;, revision: &apos;e82be7d358&apos;, time: &apos;2018-11-14T08:17:03&apos;&#10;System info: host: &apos;LT124&apos;, ip: &apos;192.168.225.231&apos;, os.name: &apos;Windows 10&apos;, os.arch: &apos;amd64&apos;, os.version: &apos;10.0&apos;, java.version: &apos;1.8.0_261&apos;&#10;Driver info: org.openqa.selenium.remote.RemoteWebDriver&#10;Capabilities {acceptInsecureCerts: true, browserName: firefox, browserVersion: 81.0.2, javascriptEnabled: true, moz:accessibilityChecks: false, moz:buildID: 20201012085804, moz:geckodriverVersion: 0.27.0, moz:headless: false, moz:processID: 18892, moz:profile: C:\Users\pranay.kumar\AppDa..., moz:shutdownTimeout: 60000, moz:useNonSpecCompliantPointerOrigin: false, moz:webdriverClick: true, pageLoadStrategy: normal, platform: WINDOWS, platformName: WINDOWS, platformVersion: 10.0, rotatable: false, setWindowRect: true, strictFileInteractability: false, timeouts: {implicit: 0, pageLoad: 300000, script: 30000}, unhandledPromptBehavior: dismiss and notify, webdriver.remote.sessionid: 5cf3f95d-c7cf-44c3-b48d-52a...}&#10;Session ID: 5cf3f95d-c7cf-44c3-b48d-52afa322f2af"/>
    <system-out><![CDATA[addDisciplineCase Test case is skipped
]]></system-out>
  </testcase>
</testsuite>