<?xml version="1.0" encoding="UTF-8"?>
<testng-results skipped="0" failed="1" ignored="0" total="5" passed="4">
  <reporter-output>
  </reporter-output>
  <suite name="HRMBasicFlows" duration-ms="139845" started-at="2020-10-15T09:26:06Z" finished-at="2020-10-15T09:28:26Z">
    <groups>
    </groups>
    <test name="Test" duration-ms="139845" started-at="2020-10-15T09:26:06Z" finished-at="2020-10-15T09:28:26Z">
      <class name="com.hrm.testcases.LogoutPageTest">
        <test-method status="PASS" signature="setUp()[pri:0, instance:com.hrm.testcases.LogoutPageTest@65e2dbf3]" name="setUp" is-config="true" duration-ms="16276" started-at="2020-10-15T09:26:06Z" finished-at="2020-10-15T09:26:22Z">
          <reporter-output>
          </reporter-output>
        </test-method> <!-- setUp -->
        <test-method status="PASS" signature="LogOut()[pri:1, instance:com.hrm.testcases.LogoutPageTest@65e2dbf3]" name="LogOut" duration-ms="1989" started-at="2020-10-15T09:26:22Z" finished-at="2020-10-15T09:26:24Z">
          <reporter-output>
          </reporter-output>
        </test-method> <!-- LogOut -->
        <test-method status="PASS" signature="tearDown()[pri:0, instance:com.hrm.testcases.LogoutPageTest@65e2dbf3]" name="tearDown" is-config="true" duration-ms="725" started-at="2020-10-15T09:26:24Z" finished-at="2020-10-15T09:26:25Z">
          <reporter-output>
          </reporter-output>
        </test-method> <!-- tearDown -->
      </class> <!-- com.hrm.testcases.LogoutPageTest -->
      <class name="com.hrm.testcases.AddDisciplinaryCase">
        <test-method status="PASS" signature="setUp()[pri:0, instance:com.hrm.testcases.AddDisciplinaryCase@61f8bee4]" name="setUp" is-config="true" duration-ms="13385" started-at="2020-10-15T09:26:32Z" finished-at="2020-10-15T09:26:46Z">
          <reporter-output>
          </reporter-output>
        </test-method> <!-- setUp -->
        <test-method status="PASS" signature="validateDisciplineCaseTitle()[pri:1, instance:com.hrm.testcases.AddDisciplinaryCase@61f8bee4]" name="validateDisciplineCaseTitle" duration-ms="20247" started-at="2020-10-15T09:26:46Z" finished-at="2020-10-15T09:27:06Z">
          <reporter-output>
          </reporter-output>
        </test-method> <!-- validateDisciplineCaseTitle -->
        <test-method status="PASS" signature="tearDown()[pri:0, instance:com.hrm.testcases.AddDisciplinaryCase@61f8bee4]" name="tearDown" is-config="true" duration-ms="705" started-at="2020-10-15T09:27:06Z" finished-at="2020-10-15T09:27:07Z">
          <reporter-output>
          </reporter-output>
        </test-method> <!-- tearDown -->
        <test-method status="PASS" signature="setUp()[pri:0, instance:com.hrm.testcases.AddDisciplinaryCase@61f8bee4]" name="setUp" is-config="true" duration-ms="16368" started-at="2020-10-15T09:27:45Z" finished-at="2020-10-15T09:28:01Z">
          <reporter-output>
          </reporter-output>
        </test-method> <!-- setUp -->
        <test-method status="PASS" signature="addDisciplineCase(java.lang.String, java.lang.String, java.lang.String)[pri:2, instance:com.hrm.testcases.AddDisciplinaryCase@61f8bee4]" name="addDisciplineCase" duration-ms="23705" started-at="2020-10-15T09:28:01Z" data-provider="getHRMTestData" finished-at="2020-10-15T09:28:25Z">
          <params>
            <param index="0">
              <value>
                <![CDATA[Russel Hamilton]]>
              </value>
            </param>
            <param index="1">
              <value>
                <![CDATA[Case1]]>
              </value>
            </param>
            <param index="2">
              <value>
                <![CDATA[Description1]]>
              </value>
            </param>
          </params>
          <reporter-output>
          </reporter-output>
        </test-method> <!-- addDisciplineCase -->
        <test-method status="PASS" signature="tearDown()[pri:0, instance:com.hrm.testcases.AddDisciplinaryCase@61f8bee4]" name="tearDown" is-config="true" duration-ms="773" started-at="2020-10-15T09:28:25Z" finished-at="2020-10-15T09:28:26Z">
          <reporter-output>
          </reporter-output>
        </test-method> <!-- tearDown -->
      </class> <!-- com.hrm.testcases.AddDisciplinaryCase -->
      <class name="com.hrm.testcases.LoginPageTest">
        <test-method status="PASS" signature="setUp()[pri:0, instance:com.hrm.testcases.LoginPageTest@4f970963]" name="setUp" is-config="true" duration-ms="6782" started-at="2020-10-15T09:26:25Z" finished-at="2020-10-15T09:26:31Z">
          <reporter-output>
          </reporter-output>
        </test-method> <!-- setUp -->
        <test-method status="PASS" signature="validateHrmLogo()[pri:1, instance:com.hrm.testcases.LoginPageTest@4f970963]" name="validateHrmLogo" duration-ms="105" started-at="2020-10-15T09:26:31Z" finished-at="2020-10-15T09:26:32Z">
          <reporter-output>
          </reporter-output>
        </test-method> <!-- validateHrmLogo -->
        <test-method status="PASS" signature="tearDown()[pri:0, instance:com.hrm.testcases.LoginPageTest@4f970963]" name="tearDown" is-config="true" duration-ms="762" started-at="2020-10-15T09:26:32Z" finished-at="2020-10-15T09:26:32Z">
          <reporter-output>
          </reporter-output>
        </test-method> <!-- tearDown -->
        <test-method status="PASS" signature="setUp()[pri:0, instance:com.hrm.testcases.LoginPageTest@4f970963]" name="setUp" is-config="true" duration-ms="6998" started-at="2020-10-15T09:27:07Z" finished-at="2020-10-15T09:27:14Z">
          <reporter-output>
          </reporter-output>
        </test-method> <!-- setUp -->
        <test-method status="FAIL" signature="login()[pri:2, instance:com.hrm.testcases.LoginPageTest@4f970963]" name="login" duration-ms="28066" started-at="2020-10-15T09:27:14Z" finished-at="2020-10-15T09:27:42Z">
          <exception class="org.openqa.selenium.NoSuchElementException">
            <message>
              <![CDATA[no such element: Unable to locate element: {"method":"xpath","selector":"//div[@class='nav-wrapper customized-orange']/ul[1]/li[2]/span[1]"}
  (Session info: chrome=86.0.4240.75)
For documentation on this error, please visit: https://www.seleniumhq.org/exceptions/no_such_element.html
Build info: version: '3.141.59', revision: 'e82be7d358', time: '2018-11-14T08:17:03'
System info: host: 'PRANAY', ip: '192.168.56.1', os.name: 'Windows 8.1', os.arch: 'amd64', os.version: '6.3', java.version: '1.8.0_171'
Driver info: org.openqa.selenium.chrome.ChromeDriver
Capabilities {acceptInsecureCerts: false, browserName: chrome, browserVersion: 86.0.4240.75, chrome: {chromedriverVersion: 86.0.4240.22 (398b0743353ff..., userDataDir: C:\Users\PRANAY~1.KUM\AppDa...}, goog:chromeOptions: {debuggerAddress: localhost:59604}, javascriptEnabled: true, networkConnectionEnabled: false, pageLoadStrategy: normal, platform: WINDOWS, platformName: WINDOWS, proxy: Proxy(), setWindowRect: true, strictFileInteractability: false, timeouts: {implicit: 0, pageLoad: 300000, script: 30000}, unhandledPromptBehavior: dismiss and notify, webauthn:virtualAuthenticators: true}
Session ID: 4264131eeb2fa5c1569cdb9cb0d6fedd
*** Element info: {Using=xpath, value=//div[@class='nav-wrapper customized-orange']/ul[1]/li[2]/span[1]}]]>
            </message>
            <full-stacktrace>
              <![CDATA[org.openqa.selenium.NoSuchElementException: no such element: Unable to locate element: {"method":"xpath","selector":"//div[@class='nav-wrapper customized-orange']/ul[1]/li[2]/span[1]"}
  (Session info: chrome=86.0.4240.75)
For documentation on this error, please visit: https://www.seleniumhq.org/exceptions/no_such_element.html
Build info: version: '3.141.59', revision: 'e82be7d358', time: '2018-11-14T08:17:03'
System info: host: 'PRANAY', ip: '192.168.56.1', os.name: 'Windows 8.1', os.arch: 'amd64', os.version: '6.3', java.version: '1.8.0_171'
Driver info: org.openqa.selenium.chrome.ChromeDriver
Capabilities {acceptInsecureCerts: false, browserName: chrome, browserVersion: 86.0.4240.75, chrome: {chromedriverVersion: 86.0.4240.22 (398b0743353ff..., userDataDir: C:\Users\PRANAY~1.KUM\AppDa...}, goog:chromeOptions: {debuggerAddress: localhost:59604}, javascriptEnabled: true, networkConnectionEnabled: false, pageLoadStrategy: normal, platform: WINDOWS, platformName: WINDOWS, proxy: Proxy(), setWindowRect: true, strictFileInteractability: false, timeouts: {implicit: 0, pageLoad: 300000, script: 30000}, unhandledPromptBehavior: dismiss and notify, webauthn:virtualAuthenticators: true}
Session ID: 4264131eeb2fa5c1569cdb9cb0d6fedd
*** Element info: {Using=xpath, value=//div[@class='nav-wrapper customized-orange']/ul[1]/li[2]/span[1]}
at sun.reflect.NativeConstructorAccessorImpl.newInstance0(Native Method)
at sun.reflect.NativeConstructorAccessorImpl.newInstance(Unknown Source)
at sun.reflect.DelegatingConstructorAccessorImpl.newInstance(Unknown Source)
at java.lang.reflect.Constructor.newInstance(Unknown Source)
at org.openqa.selenium.remote.http.W3CHttpResponseCodec.createException(W3CHttpResponseCodec.java:187)
at org.openqa.selenium.remote.http.W3CHttpResponseCodec.decode(W3CHttpResponseCodec.java:122)
at org.openqa.selenium.remote.http.W3CHttpResponseCodec.decode(W3CHttpResponseCodec.java:49)
at org.openqa.selenium.remote.HttpCommandExecutor.execute(HttpCommandExecutor.java:158)
at org.openqa.selenium.remote.service.DriverCommandExecutor.execute(DriverCommandExecutor.java:83)
at org.openqa.selenium.remote.RemoteWebDriver.execute(RemoteWebDriver.java:552)
at org.openqa.selenium.remote.RemoteWebDriver.findElement(RemoteWebDriver.java:323)
at org.openqa.selenium.remote.RemoteWebDriver.findElementByXPath(RemoteWebDriver.java:428)
at org.openqa.selenium.By$ByXPath.findElement(By.java:353)
at org.openqa.selenium.remote.RemoteWebDriver.findElement(RemoteWebDriver.java:315)
at com.hrm.pages.HomePage.getHomePageTitle(HomePage.java:19)
at com.hrm.testcases.LoginPageTest.login(LoginPageTest.java:40)
at sun.reflect.NativeMethodAccessorImpl.invoke0(Native Method)
at sun.reflect.NativeMethodAccessorImpl.invoke(Unknown Source)
at sun.reflect.DelegatingMethodAccessorImpl.invoke(Unknown Source)
at java.lang.reflect.Method.invoke(Unknown Source)
at org.testng.internal.MethodInvocationHelper.invokeMethod(MethodInvocationHelper.java:124)
at org.testng.internal.Invoker.invokeMethod(Invoker.java:583)
at org.testng.internal.Invoker.invokeTestMethod(Invoker.java:719)
at org.testng.internal.Invoker.invokeTestMethods(Invoker.java:989)
at org.testng.internal.TestMethodWorker.invokeTestMethods(TestMethodWorker.java:125)
at org.testng.internal.TestMethodWorker.run(TestMethodWorker.java:109)
at org.testng.TestRunner.privateRun(TestRunner.java:648)
at org.testng.TestRunner.run(TestRunner.java:505)
at org.testng.SuiteRunner.runTest(SuiteRunner.java:455)
at org.testng.SuiteRunner.runSequentially(SuiteRunner.java:450)
at org.testng.SuiteRunner.privateRun(SuiteRunner.java:415)
at org.testng.SuiteRunner.run(SuiteRunner.java:364)
at org.testng.SuiteRunnerWorker.runSuite(SuiteRunnerWorker.java:52)
at org.testng.SuiteRunnerWorker.run(SuiteRunnerWorker.java:84)
at org.testng.TestNG.runSuitesSequentially(TestNG.java:1208)
at org.testng.TestNG.runSuitesLocally(TestNG.java:1137)
at org.testng.TestNG.runSuites(TestNG.java:1049)
at org.testng.TestNG.run(TestNG.java:1017)
at org.testng.remote.AbstractRemoteTestNG.run(AbstractRemoteTestNG.java:114)
at org.testng.remote.RemoteTestNG.initAndRun(RemoteTestNG.java:251)
at org.testng.remote.RemoteTestNG.main(RemoteTestNG.java:77)
]]>
            </full-stacktrace>
          </exception> <!-- org.openqa.selenium.NoSuchElementException -->
          <reporter-output>
          </reporter-output>
        </test-method> <!-- login -->
        <test-method status="PASS" signature="tearDown()[pri:0, instance:com.hrm.testcases.LoginPageTest@4f970963]" name="tearDown" is-config="true" duration-ms="683" started-at="2020-10-15T09:27:42Z" finished-at="2020-10-15T09:27:42Z">
          <reporter-output>
          </reporter-output>
        </test-method> <!-- tearDown -->
      </class> <!-- com.hrm.testcases.LoginPageTest -->
    </test> <!-- Test -->
  </suite> <!-- HRMBasicFlows -->
</testng-results>
